<?xml version="1.0" encoding="UTF-8" ?>
<testsuite tests="14" failures="0" name="feature.movie.MovieSearchTest" time="0.005" errors="0" skipped="0">
  <properties>
[...]
</properties>
  <testcase classname="| &apos;Out&apos; | 2 | 3 |" name="Given a movie with the title &apos;Inside Out&apos;, produced by &apos;Pixar&apos;, released 19 June 2015" time="0.003"/>
  <testcase classname="| &apos;Out&apos; | 2 | 3 |" name="And a movie with the title &apos;Out of Africa&apos;, produced by &apos;Universal Pictures&apos;, released 20 December 1985" time="0.001"/>
  <testcase classname="| &apos;Out&apos; | 2 | 3 |" name="And a movie with the title &apos;Avatar&apos;, produced by &apos;20th Century Fox&apos;, released 18 December 2009" time="0"/>
  <testcase classname="| &apos;Out&apos; | 2 | 3 |" name="When the customer searches for movies with the keyword &apos;Out&apos;" time="0"/>
  <testcase classname="| &apos;Out&apos; | 2 | 3 |" name="Then 2 movie should have been found" time="0"/>
  <testcase classname="| &apos;Out&apos; | 2 | 3 |" name="And the catalog should have 3 total movies" time="0"/>
  <testcase classname="| &apos;Out&apos; | 2 | 3 |" name="| &apos;Out&apos; | 2 | 3 |" time="0.001"/>
  <testcase classname="Scenario: Search movies by order" name="Given a movie with the title &apos;Inside Out&apos;, produced by &apos;Pixar&apos;, released 19 June 2015" time="0"/>
  <testcase classname="Scenario: Search movies by order" name="And a movie with the title &apos;Out of Africa&apos;, produced by &apos;Universal Pictures&apos;, released 20 December 1985" time="0"/>
  <testcase classname="Scenario: Search movies by order" name="And a movie with the title &apos;Avatar&apos;, produced by &apos;20th Century Fox&apos;, released 18 December 2009" time="0"/>
  <testcase classname="Scenario: Search movies by order" name="When the customer searches for the third movie" time="0"/>
  <testcase classname="Scenario: Search movies by order" name="Then 1 movie should have been found" time="0"/>
  <testcase classname="Scenario: Search movies by order" name="And the movie title should be &apos;Avatar&apos;" time="0"/>
  <testcase classname="Scenario: Search movies by order" name="Scenario: Search movies by order" time="0"/>
</testsuite>