<?xml version="1.0" encoding="UTF-8" ?>
<testsuite tests="22" failures="0" name="feature.movie.MovieSearchTest" time="0.016" errors="0" skipped="0">
  <properties>
[...]
</properties>
  <testcase classname="| &apos;Out&apos; | 2 | 3 |" name="Given a movie with the title &apos;Inside Out&apos;, produced by &apos;Pixar&apos;, released 19 June 2015" time="0.016"/>
  <testcase classname="| &apos;Out&apos; | 2 | 3 |" name="And a movie with the title &apos;Out of Africa&apos;, produced by &apos;Universal Pictures&apos;, released 20 December 1985" time="0"/>
  <testcase classname="| &apos;Out&apos; | 2 | 3 |" name="And a movie with the title &apos;Avatar&apos;, produced by &apos;20th Century Fox&apos;, released 18 December 2009" time="0"/>
  <testcase classname="| &apos;Out&apos; | 2 | 3 |" name="When the customer searches for movies with the keyword &apos;Out&apos;" time="0"/>
  <testcase classname="| &apos;Out&apos; | 2 | 3 |" name="Then 2 movie should have been found" time="0"/>
  <testcase classname="| &apos;Out&apos; | 2 | 3 |" name="And the catalog should have 3 total movies" time="0"/>
  <testcase classname="| &apos;Out&apos; | 2 | 3 |" name="| &apos;Out&apos; | 2 | 3 |" time="0"/>
  <testcase classname="Scenario: Search movies by order" name="Given a movie with the title &apos;Inside Out&apos;, produced by &apos;Pixar&apos;, released 19 June 2015" time="0"/>
  <testcase classname="Scenario: Search movies by order" name="And a movie with the title &apos;Out of Africa&apos;, produced by &apos;Universal Pictures&apos;, released 20 December 1985" time="0"/>
  <testcase classname="Scenario: Search movies by order" name="And a movie with the title &apos;Avatar&apos;, produced by &apos;20th Century Fox&apos;, released 18 December 2009" time="0"/>
  <testcase classname="Scenario: Search movies by order" name="When the customer searches for the third movie" time="0"/>
  <testcase classname="Scenario: Search movies by order" name="Then 1 movie should have been found" time="0"/>
  <testcase classname="Scenario: Search movies by order" name="And the movie title should be &apos;Avatar&apos;" time="0"/>
  <testcase classname="Scenario: Search movies by order" name="Scenario: Search movies by order" time="0"/>
  <testcase classname="Scenario: Add a couple movies and validate the size of the catalog" name="Given That I want to quickly and easily manage my catalog of movies" time="0"/>
  <testcase classname="Scenario: Add a couple movies and validate the size of the catalog" name="When I add 2 movies to the catalog" time="0"/>
  <testcase classname="Scenario: Add a couple movies and validate the size of the catalog" name="Then I will have 2 movies in the catalog" time="0"/>
  <testcase classname="Scenario: Add a couple movies and validate the size of the catalog" name="Scenario: Add a couple movies and validate the size of the catalog" time="0"/>
  <testcase classname="Scenario: Add no movies and validate the size of the catalog remains zero" name="Given That I want to quickly and easily manage my catalog of movies" time="0"/>
  <testcase classname="Scenario: Add no movies and validate the size of the catalog remains zero" name="When I add 0 movies to the catalog" time="0"/>
  <testcase classname="Scenario: Add no movies and validate the size of the catalog remains zero" name="Then I will have 0 movies in the catalog" time="0"/>
  <testcase classname="Scenario: Add no movies and validate the size of the catalog remains zero" name="Scenario: Add no movies and validate the size of the catalog remains zero" time="0"/>
</testsuite>